<?xml version="1.0" encoding="UTF-8"?>
<testsuites>
  <testsuite name="Request::get-fruits-with-filter-request" filepath="spec/http_parser_spec.rb" skipped="0" failures="0" errors="0" tests="4" assertions="7" time="0.002127900021150708">
    <testcase name="test_0001_parses the http method" lineno="48" classname="Request::get-fruits-with-filter-request" assertions="1" time="0.0007017001044005156" file="spec/http_parser_spec.rb">
    </testcase>
    <testcase name="test_0004_parses the headers" lineno="62" classname="Request::get-fruits-with-filter-request" assertions="3" time="0.0005677000153809786" file="spec/http_parser_spec.rb">
    </testcase>
    <testcase name="test_0002_parses the resource" lineno="53" classname="Request::get-fruits-with-filter-request" assertions="1" time="0.0005930999759584665" file="spec/http_parser_spec.rb">
    </testcase>
    <testcase name="test_0003_parses the params" lineno="57" classname="Request::get-fruits-with-filter-request" assertions="2" time="0.00026539992541074753" file="spec/http_parser_spec.rb">
    </testcase>
  </testsuite>
</testsuites>
