<?xml version="1.0" encoding="UTF-8"?>
<testsuites>
  <testsuite name="request::post-login.request" filepath="spec/http_parser_spec.rb" skipped="0" failures="0" errors="0" tests="5" assertions="8" time="0.006667800043942407">
    <testcase name="test_0002_parses the resource" lineno="77" classname="request::post-login.request" assertions="1" time="0.005746100010583177" file="spec/http_parser_spec.rb">
    </testcase>
    <testcase name="test_0003_parses the version" lineno="81" classname="request::post-login.request" assertions="1" time="0.00017980000120587647" file="spec/http_parser_spec.rb">
    </testcase>
    <testcase name="test_0001_parses the http method" lineno="73" classname="request::post-login.request" assertions="1" time="0.0002479999966453761" file="spec/http_parser_spec.rb">
    </testcase>
    <testcase name="test_0005_parses the params" lineno="91" classname="request::post-login.request" assertions="2" time="0.0003538000164553523" file="spec/http_parser_spec.rb">
    </testcase>
    <testcase name="test_0004_parses the headers" lineno="85" classname="request::post-login.request" assertions="3" time="0.0001401000190526247" file="spec/http_parser_spec.rb">
    </testcase>
  </testsuite>
</testsuites>
