<?xml version="1.0" encoding="UTF-8"?>
<testsuites>
  <testsuite name="Request::get-examples.request" filepath="spec/http_parser_spec.rb" skipped="0" failures="0" errors="0" tests="4" assertions="7" time="0.001223600236698985">
    <testcase name="test_0001_parses the http method" lineno="25" classname="Request::get-examples.request" assertions="1" time="0.0003822001162916422" file="spec/http_parser_spec.rb">
    </testcase>
    <testcase name="test_0004_parses the headers" lineno="39" classname="Request::get-examples.request" assertions="4" time="0.00023080012761056423" file="spec/http_parser_spec.rb">
    </testcase>
    <testcase name="test_0002_parses the version" lineno="30" classname="Request::get-examples.request" assertions="1" time="0.00030620000325143337" file="spec/http_parser_spec.rb">
    </testcase>
    <testcase name="test_0003_parses the resource" lineno="35" classname="Request::get-examples.request" assertions="1" time="0.0003043999895453453" file="spec/http_parser_spec.rb">
    </testcase>
  </testsuite>
</testsuites>
