<?xml version="1.0" encoding="UTF-8"?>
<testsuites>
  <testsuite name="request::get-fruits-with-filter.request" filepath="spec/http_parser_spec.rb" skipped="0" failures="0" errors="0" tests="4" assertions="7" time="0.0009830999770201743">
    <testcase name="test_0003_parses the params" lineno="59" classname="request::get-fruits-with-filter.request" assertions="2" time="0.00028870004462078214" file="spec/http_parser_spec.rb">
    </testcase>
    <testcase name="test_0001_parses the http method" lineno="52" classname="request::get-fruits-with-filter.request" assertions="1" time="0.00042799999937415123" file="spec/http_parser_spec.rb">
    </testcase>
    <testcase name="test_0004_parses the headers" lineno="63" classname="request::get-fruits-with-filter.request" assertions="3" time="0.00013999996008351445" file="spec/http_parser_spec.rb">
    </testcase>
    <testcase name="test_0002_parses the resource" lineno="56" classname="request::get-fruits-with-filter.request" assertions="1" time="0.00012639997294172645" file="spec/http_parser_spec.rb">
    </testcase>
  </testsuite>
</testsuites>
