<?xml version="1.0" encoding="UTF-8"?>
<testsuites>
  <testsuite name="request::post-login.request" filepath="spec/request_spec.rb" skipped="0" failures="0" errors="0" tests="5" assertions="8" time="0.0030765997944399714">
    <testcase name="test_0001_parses the http method" lineno="74" classname="request::post-login.request" assertions="1" time="0.0007677000248804688" file="spec/request_spec.rb">
    </testcase>
    <testcase name="test_0005_parses the params" lineno="92" classname="request::post-login.request" assertions="2" time="0.0008473999332636595" file="spec/request_spec.rb">
    </testcase>
    <testcase name="test_0002_parses the resource" lineno="78" classname="request::post-login.request" assertions="1" time="0.0005813000025227666" file="spec/request_spec.rb">
    </testcase>
    <testcase name="test_0004_parses the headers" lineno="86" classname="request::post-login.request" assertions="3" time="0.0005536999087780714" file="spec/request_spec.rb">
    </testcase>
    <testcase name="test_0003_parses the version" lineno="82" classname="request::post-login.request" assertions="1" time="0.00032649992499500513" file="spec/request_spec.rb">
    </testcase>
  </testsuite>
</testsuites>
