<?xml version="1.0" encoding="UTF-8"?>
<testsuites>
  <testsuite name="request::get-fruits-with-filter.request" filepath="spec/http_parser_spec.rb" skipped="0" failures="0" errors="0" tests="4" assertions="7" time="0.0010038000000349712">
    <testcase name="test_0003_parses the params" lineno="58" classname="request::get-fruits-with-filter.request" assertions="2" time="0.00032699999997021223" file="spec/http_parser_spec.rb">
    </testcase>
    <testcase name="test_0002_parses the resource" lineno="55" classname="request::get-fruits-with-filter.request" assertions="1" time="0.0002792000000226835" file="spec/http_parser_spec.rb">
    </testcase>
    <testcase name="test_0001_parses the http method" lineno="51" classname="request::get-fruits-with-filter.request" assertions="1" time="0.0002199000000473461" file="spec/http_parser_spec.rb">
    </testcase>
    <testcase name="test_0004_parses the headers" lineno="62" classname="request::get-fruits-with-filter.request" assertions="3" time="0.0001776999999947293" file="spec/http_parser_spec.rb">
    </testcase>
  </testsuite>
</testsuites>
