<?xml version="1.0" encoding="UTF-8"?>
<testsuites>
  <testsuite name="Request::post-login.request" filepath="spec/http_parser_spec.rb" skipped="0" failures="0" errors="0" tests="5" assertions="8" time="0.005510199582204223">
    <testcase name="test_0005_parses the params" lineno="92" classname="Request::post-login.request" assertions="2" time="0.002610699972137809" file="spec/http_parser_spec.rb">
    </testcase>
    <testcase name="test_0001_parses the http method" lineno="74" classname="Request::post-login.request" assertions="1" time="0.0008332999423146248" file="spec/http_parser_spec.rb">
    </testcase>
    <testcase name="test_0004_parses the headers" lineno="86" classname="Request::post-login.request" assertions="3" time="0.00048019993118941784" file="spec/http_parser_spec.rb">
    </testcase>
    <testcase name="test_0002_parses the resource" lineno="78" classname="Request::post-login.request" assertions="1" time="0.001159499865025282" file="spec/http_parser_spec.rb">
    </testcase>
    <testcase name="test_0003_parses the version" lineno="82" classname="Request::post-login.request" assertions="1" time="0.00042649987153708935" file="spec/http_parser_spec.rb">
    </testcase>
  </testsuite>
</testsuites>
