<?xml version="1.0" encoding="UTF-8"?>
<testsuites>
  <testsuite name="request::get-examples.request" filepath="spec/http_parser_spec.rb" skipped="0" failures="0" errors="0" tests="4" assertions="7" time="0.0003789999755099416">
    <testcase name="test_0002_parses the version" lineno="32" classname="request::get-examples.request" assertions="1" time="0.00012499999138526618" file="spec/http_parser_spec.rb">
    </testcase>
    <testcase name="test_0003_parses the resource" lineno="36" classname="request::get-examples.request" assertions="1" time="8.800000068731606e-05" file="spec/http_parser_spec.rb">
    </testcase>
    <testcase name="test_0001_parses the http method" lineno="28" classname="request::get-examples.request" assertions="1" time="8.249998791143298e-05" file="spec/http_parser_spec.rb">
    </testcase>
    <testcase name="test_0004_parses the headers" lineno="39" classname="request::get-examples.request" assertions="4" time="8.349999552592635e-05" file="spec/http_parser_spec.rb">
    </testcase>
  </testsuite>
</testsuites>
