<?xml version="1.0" encoding="UTF-8"?>
<testsuites>
  <testsuite name="serve" filepath="spec/http_server_spec.rb" skipped="0" failures="0" errors="0" tests="5" assertions="9" time="0.3124103000445757">
    <testcase name="test_0001_adding route works" lineno="17" classname="serve" assertions="2" time="0.06329260001075454" file="spec/http_server_spec.rb">
    </testcase>
    <testcase name="test_0005_returns 404 for nonexistent file" lineno="78" classname="serve" assertions="1" time="0.05508630000986159" file="spec/http_server_spec.rb">
    </testcase>
    <testcase name="test_0003_serves static gif files" lineno="46" classname="serve" assertions="2" time="0.05549540001084097" file="spec/http_server_spec.rb">
    </testcase>
    <testcase name="test_0004_serves static html files" lineno="61" classname="serve" assertions="2" time="0.06994130002567545" file="spec/http_server_spec.rb">
    </testcase>
    <testcase name="test_0002_serves static txt files" lineno="31" classname="serve" assertions="2" time="0.06859469998744316" file="spec/http_server_spec.rb">
    </testcase>
  </testsuite>
</testsuites>
