<?xml version="1.0" encoding="UTF-8"?>
<testsuites>
  <testsuite name="request::get-index.request" filepath="spec/request_spec.rb" skipped="0" failures="0" errors="0" tests="3" assertions="4" time="0.0008139000274240971">
    <testcase name="test_0003_parses the headers" lineno="19" classname="request::get-index.request" assertions="2" time="0.00033680000342428684" file="spec/request_spec.rb">
    </testcase>
    <testcase name="test_0002_parses the resource" lineno="16" classname="request::get-index.request" assertions="1" time="0.000255499966442585" file="spec/request_spec.rb">
    </testcase>
    <testcase name="test_0001_parses the http method" lineno="12" classname="request::get-index.request" assertions="1" time="0.00022160005755722523" file="spec/request_spec.rb">
    </testcase>
  </testsuite>
</testsuites>
