<?xml version="1.0" encoding="UTF-8"?>
<testsuites>
  <testsuite name="serve" filepath="spec/router_spec.rb" skipped="0" failures="0" errors="0" tests="5" assertions="9" time="0.2874487000517547">
    <testcase name="test_0001_adding route works" lineno="18" classname="serve" assertions="2" time="0.06469030003063381" file="spec/router_spec.rb">
    </testcase>
    <testcase name="test_0005_returns 404 for nonexistent file" lineno="79" classname="serve" assertions="1" time="0.04314560000784695" file="spec/router_spec.rb">
    </testcase>
    <testcase name="test_0002_serves static txt files" lineno="32" classname="serve" assertions="2" time="0.050355899962596595" file="spec/router_spec.rb">
    </testcase>
    <testcase name="test_0004_serves static html files" lineno="62" classname="serve" assertions="2" time="0.061093299998901784" file="spec/router_spec.rb">
    </testcase>
    <testcase name="test_0003_serves static gif files" lineno="47" classname="serve" assertions="2" time="0.06816360005177557" file="spec/router_spec.rb">
    </testcase>
  </testsuite>
</testsuites>
