<?xml version="1.0" encoding="UTF-8"?>
<testsuites>
  <testsuite name="serve" filepath="spec/router_spec.rb" skipped="0" failures="0" errors="0" tests="5" assertions="9" time="0.23701640008948743">
    <testcase name="test_0003_serves static gif files" lineno="46" classname="serve" assertions="2" time="0.055993700050748885" file="spec/router_spec.rb">
    </testcase>
    <testcase name="test_0004_serves static html files" lineno="61" classname="serve" assertions="2" time="0.044847600045613945" file="spec/router_spec.rb">
    </testcase>
    <testcase name="test_0005_returns 404 for nonexistent file" lineno="78" classname="serve" assertions="1" time="0.0451500000199303" file="spec/router_spec.rb">
    </testcase>
    <testcase name="test_0002_serves static txt files" lineno="31" classname="serve" assertions="2" time="0.04517900000791997" file="spec/router_spec.rb">
    </testcase>
    <testcase name="test_0001_adding route works" lineno="17" classname="serve" assertions="2" time="0.045846099965274334" file="spec/router_spec.rb">
    </testcase>
  </testsuite>
</testsuites>
