<?xml version="1.0" encoding="UTF-8"?>
<testsuites>
  <testsuite name="request::get-examples.request" filepath="spec/http_parser_spec.rb" skipped="0" failures="0" errors="0" tests="4" assertions="7" time="0.0008272998966276646">
    <testcase name="test_0003_parses the resource" lineno="37" classname="request::get-examples.request" assertions="1" time="0.00023070001043379307" file="spec/http_parser_spec.rb">
    </testcase>
    <testcase name="test_0002_parses the version" lineno="33" classname="request::get-examples.request" assertions="1" time="0.00017829996068030596" file="spec/http_parser_spec.rb">
    </testcase>
    <testcase name="test_0001_parses the http method" lineno="29" classname="request::get-examples.request" assertions="1" time="0.00017040001694113016" file="spec/http_parser_spec.rb">
    </testcase>
    <testcase name="test_0004_parses the headers" lineno="40" classname="request::get-examples.request" assertions="4" time="0.0002478999085724354" file="spec/http_parser_spec.rb">
    </testcase>
  </testsuite>
</testsuites>
