<?xml version="1.0" encoding="UTF-8"?>
<testsuites>
  <testsuite name="request::post-login.request" filepath="spec/request_spec.rb" skipped="0" failures="0" errors="0" tests="5" assertions="8" time="0.0017158000000563334">
    <testcase name="test_0001_parses the http method" lineno="74" classname="request::post-login.request" assertions="1" time="0.00044609999986278126" file="spec/request_spec.rb">
    </testcase>
    <testcase name="test_0003_parses the version" lineno="82" classname="request::post-login.request" assertions="1" time="0.0002279999998791027" file="spec/request_spec.rb">
    </testcase>
    <testcase name="test_0005_parses the params" lineno="92" classname="request::post-login.request" assertions="2" time="0.0002911000001404318" file="spec/request_spec.rb">
    </testcase>
    <testcase name="test_0004_parses the headers" lineno="86" classname="request::post-login.request" assertions="3" time="0.0001731000002109795" file="spec/request_spec.rb">
    </testcase>
    <testcase name="test_0002_parses the resource" lineno="78" classname="request::post-login.request" assertions="1" time="0.0005774999999630381" file="spec/request_spec.rb">
    </testcase>
  </testsuite>
</testsuites>
