<?xml version="1.0" encoding="UTF-8"?>
<testsuites>
  <testsuite name="request::post-login.request" filepath="spec/request_spec.rb" skipped="0" failures="0" errors="0" tests="5" assertions="8" time="0.001403000031132251">
    <testcase name="test_0001_parses the http method" lineno="74" classname="request::post-login.request" assertions="1" time="0.0002487000310793519" file="spec/request_spec.rb">
    </testcase>
    <testcase name="test_0004_parses the headers" lineno="86" classname="request::post-login.request" assertions="3" time="0.00017850002041086555" file="spec/request_spec.rb">
    </testcase>
    <testcase name="test_0002_parses the resource" lineno="78" classname="request::post-login.request" assertions="1" time="0.00012729997979477048" file="spec/request_spec.rb">
    </testcase>
    <testcase name="test_0005_parses the params" lineno="92" classname="request::post-login.request" assertions="2" time="0.0006357000092975795" file="spec/request_spec.rb">
    </testcase>
    <testcase name="test_0003_parses the version" lineno="82" classname="request::post-login.request" assertions="1" time="0.00021279999054968357" file="spec/request_spec.rb">
    </testcase>
  </testsuite>
</testsuites>
