<?xml version="1.0" encoding="UTF-8"?>
<testsuites>
  <testsuite name="request::get-fruits-with-filter.request" filepath="spec/request_spec.rb" skipped="0" failures="0" errors="0" tests="4" assertions="7" time="0.0008753000292927027">
    <testcase name="test_0004_parses the headers" lineno="63" classname="request::get-fruits-with-filter.request" assertions="3" time="0.0005031999899074435" file="spec/request_spec.rb">
    </testcase>
    <testcase name="test_0003_parses the params" lineno="59" classname="request::get-fruits-with-filter.request" assertions="2" time="0.00015040009748190641" file="spec/request_spec.rb">
    </testcase>
    <testcase name="test_0002_parses the resource" lineno="56" classname="request::get-fruits-with-filter.request" assertions="1" time="0.00012560002505779266" file="spec/request_spec.rb">
    </testcase>
    <testcase name="test_0001_parses the http method" lineno="52" classname="request::get-fruits-with-filter.request" assertions="1" time="9.609991684556007e-05" file="spec/request_spec.rb">
    </testcase>
  </testsuite>
</testsuites>
