<?xml version="1.0" encoding="UTF-8"?>
<testsuites>
  <testsuite name="serve" filepath="spec/router_spec.rb" skipped="0" failures="0" errors="0" tests="5" assertions="9" time="0.25664599999981874">
    <testcase name="test_0001_adding route works" lineno="17" classname="serve" assertions="2" time="0.05262910000010379" file="spec/router_spec.rb">
    </testcase>
    <testcase name="test_0003_serves static gif files" lineno="46" classname="serve" assertions="2" time="0.06288539999968634" file="spec/router_spec.rb">
    </testcase>
    <testcase name="test_0005_returns 404 for nonexistent file" lineno="78" classname="serve" assertions="1" time="0.046787400000084745" file="spec/router_spec.rb">
    </testcase>
    <testcase name="test_0004_serves static html files" lineno="61" classname="serve" assertions="2" time="0.047295500000018365" file="spec/router_spec.rb">
    </testcase>
    <testcase name="test_0002_serves static txt files" lineno="31" classname="serve" assertions="2" time="0.0470485999999255" file="spec/router_spec.rb">
    </testcase>
  </testsuite>
</testsuites>
