<?xml version="1.0" encoding="UTF-8"?>
<testsuites>
  <testsuite name="request::get-examples.request" filepath="spec/request_spec.rb" skipped="0" failures="0" errors="0" tests="4" assertions="7" time="0.0004537000204436481">
    <testcase name="test_0001_parses the http method" lineno="29" classname="request::get-examples.request" assertions="1" time="0.00014110002666711807" file="spec/request_spec.rb">
    </testcase>
    <testcase name="test_0002_parses the version" lineno="33" classname="request::get-examples.request" assertions="1" time="0.00010579999070614576" file="spec/request_spec.rb">
    </testcase>
    <testcase name="test_0004_parses the headers" lineno="40" classname="request::get-examples.request" assertions="4" time="0.00011149997590109706" file="spec/request_spec.rb">
    </testcase>
    <testcase name="test_0003_parses the resource" lineno="37" classname="request::get-examples.request" assertions="1" time="9.53000271692872e-05" file="spec/request_spec.rb">
    </testcase>
  </testsuite>
</testsuites>
