<?xml version="1.0" encoding="UTF-8"?>
<testsuites>
  <testsuite name="serve" filepath="spec/http_server_spec.rb" skipped="0" failures="0" errors="0" tests="5" assertions="9" time="0.23873640003148466">
    <testcase name="test_0003_serves static gif files" lineno="44" classname="serve" assertions="2" time="0.05406280001625419" file="spec/http_server_spec.rb">
    </testcase>
    <testcase name="test_0004_serves static html files" lineno="59" classname="serve" assertions="2" time="0.047164599993266165" file="spec/http_server_spec.rb">
    </testcase>
    <testcase name="test_0005_returns 404 for nonexistent file" lineno="76" classname="serve" assertions="1" time="0.045509499963372946" file="spec/http_server_spec.rb">
    </testcase>
    <testcase name="test_0001_adding route works" lineno="17" classname="serve" assertions="2" time="0.04705570003716275" file="spec/http_server_spec.rb">
    </testcase>
    <testcase name="test_0002_serves static txt files" lineno="29" classname="serve" assertions="2" time="0.044943800021428615" file="spec/http_server_spec.rb">
    </testcase>
  </testsuite>
</testsuites>
